{"C:\\Users\\Myapnaz\\Documents\\GitHub\\reversed-spider-solitaire\\src\\components\\Timer.vue": {"path":"C:\\Users\\Myapnaz\\Documents\\GitHub\\reversed-spider-solitaire\\src\\components\\Timer.vue","statementMap":{"0":{"start":{"line":11,"column":0},"end":{"line":11,"column":null}},"1":{"start":{"line":22,"column":0},"end":{"line":22,"column":null}},"2":{"start":{"line":33,"column":0},"end":{"line":44,"column":null}},"3":{"start":{"line":34,"column":0},"end":{"line":34,"column":null}},"4":{"start":{"line":36,"column":0},"end":{"line":41,"column":null}},"5":{"start":{"line":37,"column":0},"end":{"line":37,"column":null}},"6":{"start":{"line":38,"column":0},"end":{"line":38,"column":null}},"7":{"start":{"line":40,"column":0},"end":{"line":40,"column":null}},"8":{"start":{"line":43,"column":0},"end":{"line":43,"column":null}},"9":{"start":{"line":48,"column":0},"end":{"line":50,"column":null}},"10":{"start":{"line":49,"column":0},"end":{"line":49,"column":null}},"11":{"start":{"line":51,"column":0},"end":{"line":51,"column":null}},"12":{"start":{"line":55,"column":0},"end":{"line":55,"column":null}},"13":{"start":{"line":59,"column":0},"end":{"line":59,"column":null}},"14":{"start":{"line":61,"column":0},"end":{"line":66,"column":null}},"15":{"start":{"line":63,"column":0},"end":{"line":65,"column":null}},"16":{"start":{"line":64,"column":0},"end":{"line":64,"column":null}}},"fnMap":{"0":{"name":"(anonymous_1)","decl":{"start":{"line":10,"column":0},"end":{"line":10,"column":null}},"loc":{"start":{"line":10,"column":0},"end":{"line":16,"column":null}}},"1":{"name":"(anonymous_2)","decl":{"start":{"line":21,"column":0},"end":{"line":21,"column":null}},"loc":{"start":{"line":21,"column":0},"end":{"line":29,"column":null}}},"2":{"name":"(anonymous_3)","decl":{"start":{"line":32,"column":0},"end":{"line":32,"column":null}},"loc":{"start":{"line":32,"column":0},"end":{"line":45,"column":null}}},"3":{"name":"(anonymous_4)","decl":{"start":{"line":46,"column":0},"end":{"line":46,"column":null}},"loc":{"start":{"line":46,"column":0},"end":{"line":52,"column":null}}},"4":{"name":"(anonymous_5)","decl":{"start":{"line":53,"column":0},"end":{"line":53,"column":null}},"loc":{"start":{"line":53,"column":0},"end":{"line":56,"column":null}}},"5":{"name":"(anonymous_6)","decl":{"start":{"line":58,"column":0},"end":{"line":58,"column":null}},"loc":{"start":{"line":58,"column":0},"end":{"line":67,"column":null}}},"6":{"name":"(anonymous_7)","decl":{"start":{"line":61,"column":0},"end":{"line":61,"column":null}},"loc":{"start":{"line":61,"column":0},"end":{"line":66,"column":null}}}},"branchMap":{"0":{"loc":{"start":{"line":33,"column":0},"end":{"line":44,"column":null}},"type":"if","locations":[{"start":{"line":33,"column":0},"end":{"line":44,"column":null}},{"start":{"line":33,"column":0},"end":{"line":44,"column":null}}]},"1":{"loc":{"start":{"line":36,"column":0},"end":{"line":41,"column":null}},"type":"if","locations":[{"start":{"line":36,"column":0},"end":{"line":41,"column":null}},{"start":{"line":36,"column":0},"end":{"line":41,"column":null}}]},"2":{"loc":{"start":{"line":48,"column":0},"end":{"line":50,"column":null}},"type":"if","locations":[{"start":{"line":48,"column":0},"end":{"line":50,"column":null}},{"start":{"line":48,"column":0},"end":{"line":50,"column":null}}]},"3":{"loc":{"start":{"line":63,"column":0},"end":{"line":65,"column":null}},"type":"if","locations":[{"start":{"line":63,"column":0},"end":{"line":65,"column":null}},{"start":{"line":63,"column":0},"end":{"line":65,"column":null}}]}},"s":{"0":3,"1":11,"2":30280,"3":504,"4":504,"5":8,"6":8,"7":496,"8":29776,"9":33,"10":27,"11":33,"12":1,"13":3,"14":3,"15":34065,"16":30280},"f":{"0":3,"1":11,"2":30280,"3":33,"4":1,"5":3,"6":34065},"b":{"0":[504,29776],"1":[8,496],"2":[27,6],"3":[30280,3785]}}
}
