{"C:\\Users\\Myapnaz\\Documents\\GitHub\\reversed-spider-solitaire\\src\\App.vue": {"path":"C:\\Users\\Myapnaz\\Documents\\GitHub\\reversed-spider-solitaire\\src\\App.vue","statementMap":{"0":{"start":{"line":8,"column":0},"end":{"line":8,"column":null}}},"fnMap":{},"branchMap":{},"s":{"0":1},"f":{},"b":{}}
,"C:\\Users\\Myapnaz\\Documents\\GitHub\\reversed-spider-solitaire\\src\\common\\constants\\app.js": {"path":"C:\\Users\\Myapnaz\\Documents\\GitHub\\reversed-spider-solitaire\\src\\common\\constants\\app.js","statementMap":{"0":{"start":{"line":1,"column":12},"end":{"line":20,"column":1}}},"fnMap":{},"branchMap":{},"s":{"0":3},"f":{},"b":{},"_coverageSchema":"43e27e138ebf9cfc5966b082cf9a028302ed4184","hash":"4e6ebd0cbddc7e04bba4357723f469dfb1c734e1"}
,"C:\\Users\\Myapnaz\\Documents\\GitHub\\reversed-spider-solitaire\\src\\common\\enums\\buttonTypeEnum.js": {"path":"C:\\Users\\Myapnaz\\Documents\\GitHub\\reversed-spider-solitaire\\src\\common\\enums\\buttonTypeEnum.js","statementMap":{"0":{"start":{"line":1,"column":30},"end":{"line":4,"column":1}}},"fnMap":{},"branchMap":{},"s":{"0":3},"f":{},"b":{},"_coverageSchema":"43e27e138ebf9cfc5966b082cf9a028302ed4184","hash":"9f9e93d660ff4439a47fd04d2b12df91cbd0866c"}
,"C:\\Users\\Myapnaz\\Documents\\GitHub\\reversed-spider-solitaire\\src\\common\\enums\\cardTypeEnum.js": {"path":"C:\\Users\\Myapnaz\\Documents\\GitHub\\reversed-spider-solitaire\\src\\common\\enums\\cardTypeEnum.js","statementMap":{"0":{"start":{"line":1,"column":28},"end":{"line":6,"column":1}}},"fnMap":{},"branchMap":{},"s":{"0":4},"f":{},"b":{},"_coverageSchema":"43e27e138ebf9cfc5966b082cf9a028302ed4184","hash":"7f25e58da44d50406b461040af073356465b9ae5"}
,"C:\\Users\\Myapnaz\\Documents\\GitHub\\reversed-spider-solitaire\\src\\common\\enums\\scoreTypeEnum.js": {"path":"C:\\Users\\Myapnaz\\Documents\\GitHub\\reversed-spider-solitaire\\src\\common\\enums\\scoreTypeEnum.js","statementMap":{"0":{"start":{"line":1,"column":29},"end":{"line":5,"column":1}}},"fnMap":{},"branchMap":{},"s":{"0":2},"f":{},"b":{},"_coverageSchema":"43e27e138ebf9cfc5966b082cf9a028302ed4184","hash":"c9c2c7f75b51c5fb482fffa9312d3e94afe3b282"}
,"C:\\Users\\Myapnaz\\Documents\\GitHub\\reversed-spider-solitaire\\src\\common\\services\\spiderSolitaireService.js": {"path":"C:\\Users\\Myapnaz\\Documents\\GitHub\\reversed-spider-solitaire\\src\\common\\services\\spiderSolitaireService.js","statementMap":{"0":{"start":{"line":5,"column":31},"end":{"line":182,"column":1}},"1":{"start":{"line":7,"column":20},"end":{"line":7,"column":22}},"2":{"start":{"line":8,"column":26},"end":{"line":8,"column":28}},"3":{"start":{"line":9,"column":25},"end":{"line":9,"column":27}},"4":{"start":{"line":11,"column":4},"end":{"line":73,"column":7}},"5":{"start":{"line":13,"column":22},"end":{"line":13,"column":52}},"6":{"start":{"line":15,"column":6},"end":{"line":72,"column":8}},"7":{"start":{"line":75,"column":21},"end":{"line":75,"column":54}},"8":{"start":{"line":78,"column":4},"end":{"line":78,"column":72}},"9":{"start":{"line":79,"column":4},"end":{"line":81,"column":6}},"10":{"start":{"line":84,"column":4},"end":{"line":84,"column":50}},"11":{"start":{"line":87,"column":4},"end":{"line":89,"column":7}},"12":{"start":{"line":88,"column":6},"end":{"line":88,"column":42}},"13":{"start":{"line":91,"column":19},"end":{"line":94,"column":5}},"14":{"start":{"line":96,"column":4},"end":{"line":96,"column":20}},"15":{"start":{"line":99,"column":17},"end":{"line":99,"column":18}},"16":{"start":{"line":101,"column":4},"end":{"line":121,"column":5}},"17":{"start":{"line":103,"column":8},"end":{"line":103,"column":19}},"18":{"start":{"line":104,"column":8},"end":{"line":104,"column":14}},"19":{"start":{"line":107,"column":8},"end":{"line":107,"column":20}},"20":{"start":{"line":108,"column":8},"end":{"line":108,"column":14}},"21":{"start":{"line":111,"column":8},"end":{"line":111,"column":20}},"22":{"start":{"line":112,"column":8},"end":{"line":112,"column":14}},"23":{"start":{"line":115,"column":8},"end":{"line":115,"column":20}},"24":{"start":{"line":116,"column":8},"end":{"line":116,"column":14}},"25":{"start":{"line":119,"column":8},"end":{"line":119,"column":38}},"26":{"start":{"line":120,"column":8},"end":{"line":120,"column":14}},"27":{"start":{"line":123,"column":4},"end":{"line":123,"column":18}},"28":{"start":{"line":126,"column":4},"end":{"line":142,"column":5}},"29":{"start":{"line":127,"column":6},"end":{"line":134,"column":7}},"30":{"start":{"line":127,"column":23},"end":{"line":127,"column":24}},"31":{"start":{"line":128,"column":8},"end":{"line":133,"column":9}},"32":{"start":{"line":132,"column":10},"end":{"line":132,"column":23}},"33":{"start":{"line":136,"column":6},"end":{"line":136,"column":18}},"34":{"start":{"line":138,"column":16},"end":{"line":138,"column":42}},"35":{"start":{"line":139,"column":6},"end":{"line":139,"column":23}},"36":{"start":{"line":141,"column":6},"end":{"line":141,"column":16}},"37":{"start":{"line":145,"column":4},"end":{"line":160,"column":5}},"38":{"start":{"line":146,"column":6},"end":{"line":148,"column":7}},"39":{"start":{"line":147,"column":8},"end":{"line":147,"column":21}},"40":{"start":{"line":150,"column":6},"end":{"line":152,"column":7}},"41":{"start":{"line":151,"column":8},"end":{"line":151,"column":21}},"42":{"start":{"line":154,"column":6},"end":{"line":154,"column":18}},"43":{"start":{"line":156,"column":16},"end":{"line":156,"column":42}},"44":{"start":{"line":157,"column":6},"end":{"line":157,"column":23}},"45":{"start":{"line":159,"column":6},"end":{"line":159,"column":16}},"46":{"start":{"line":163,"column":4},"end":{"line":180,"column":5}},"47":{"start":{"line":164,"column":6},"end":{"line":172,"column":7}},"48":{"start":{"line":165,"column":8},"end":{"line":165,"column":20}},"49":{"start":{"line":166,"column":13},"end":{"line":172,"column":7}},"50":{"start":{"line":167,"column":8},"end":{"line":167,"column":21}},"51":{"start":{"line":169,"column":8},"end":{"line":171,"column":9}},"52":{"start":{"line":170,"column":10},"end":{"line":170,"column":23}},"53":{"start":{"line":174,"column":6},"end":{"line":174,"column":18}},"54":{"start":{"line":176,"column":16},"end":{"line":176,"column":42}},"55":{"start":{"line":177,"column":6},"end":{"line":177,"column":23}},"56":{"start":{"line":179,"column":6},"end":{"line":179,"column":16}}},"fnMap":{"0":{"name":"(anonymous_0)","decl":{"start":{"line":6,"column":2},"end":{"line":6,"column":3}},"loc":{"start":{"line":6,"column":20},"end":{"line":97,"column":3}},"line":6},"1":{"name":"(anonymous_1)","decl":{"start":{"line":11,"column":28},"end":{"line":11,"column":29}},"loc":{"start":{"line":11,"column":44},"end":{"line":73,"column":5}},"line":11},"2":{"name":"(anonymous_2)","decl":{"start":{"line":87,"column":29},"end":{"line":87,"column":30}},"loc":{"start":{"line":87,"column":39},"end":{"line":89,"column":5}},"line":87},"3":{"name":"(anonymous_3)","decl":{"start":{"line":98,"column":2},"end":{"line":98,"column":3}},"loc":{"start":{"line":98,"column":28},"end":{"line":124,"column":3}},"line":98},"4":{"name":"(anonymous_4)","decl":{"start":{"line":125,"column":2},"end":{"line":125,"column":3}},"loc":{"start":{"line":125,"column":29},"end":{"line":143,"column":3}},"line":125},"5":{"name":"(anonymous_5)","decl":{"start":{"line":144,"column":2},"end":{"line":144,"column":3}},"loc":{"start":{"line":144,"column":33},"end":{"line":161,"column":3}},"line":144},"6":{"name":"(anonymous_6)","decl":{"start":{"line":162,"column":2},"end":{"line":162,"column":3}},"loc":{"start":{"line":162,"column":38},"end":{"line":181,"column":3}},"line":162}},"branchMap":{"0":{"loc":{"start":{"line":101,"column":4},"end":{"line":121,"column":5}},"type":"switch","locations":[{"start":{"line":102,"column":6},"end":{"line":104,"column":14}},{"start":{"line":106,"column":6},"end":{"line":108,"column":14}},{"start":{"line":110,"column":6},"end":{"line":112,"column":14}},{"start":{"line":114,"column":6},"end":{"line":116,"column":14}},{"start":{"line":118,"column":6},"end":{"line":120,"column":14}}],"line":101},"1":{"loc":{"start":{"line":128,"column":8},"end":{"line":133,"column":9}},"type":"if","locations":[{"start":{"line":128,"column":8},"end":{"line":133,"column":9}},{"start":{"line":128,"column":8},"end":{"line":133,"column":9}}],"line":128},"2":{"loc":{"start":{"line":129,"column":10},"end":{"line":130,"column":64}},"type":"binary-expr","locations":[{"start":{"line":129,"column":10},"end":{"line":129,"column":37}},{"start":{"line":130,"column":10},"end":{"line":130,"column":64}}],"line":129},"3":{"loc":{"start":{"line":146,"column":6},"end":{"line":148,"column":7}},"type":"if","locations":[{"start":{"line":146,"column":6},"end":{"line":148,"column":7}},{"start":{"line":146,"column":6},"end":{"line":148,"column":7}}],"line":146},"4":{"loc":{"start":{"line":150,"column":6},"end":{"line":152,"column":7}},"type":"if","locations":[{"start":{"line":150,"column":6},"end":{"line":152,"column":7}},{"start":{"line":150,"column":6},"end":{"line":152,"column":7}}],"line":150},"5":{"loc":{"start":{"line":164,"column":6},"end":{"line":172,"column":7}},"type":"if","locations":[{"start":{"line":164,"column":6},"end":{"line":172,"column":7}},{"start":{"line":164,"column":6},"end":{"line":172,"column":7}}],"line":164},"6":{"loc":{"start":{"line":166,"column":13},"end":{"line":172,"column":7}},"type":"if","locations":[{"start":{"line":166,"column":13},"end":{"line":172,"column":7}},{"start":{"line":166,"column":13},"end":{"line":172,"column":7}}],"line":166},"7":{"loc":{"start":{"line":169,"column":8},"end":{"line":171,"column":9}},"type":"if","locations":[{"start":{"line":169,"column":8},"end":{"line":171,"column":9}},{"start":{"line":169,"column":8},"end":{"line":171,"column":9}}],"line":169}},"s":{"0":3,"1":34,"2":34,"3":34,"4":34,"5":442,"6":442,"7":34,"8":34,"9":34,"10":34,"11":34,"12":340,"13":34,"14":34,"15":447,"16":447,"17":35,"18":35,"19":35,"20":35,"21":35,"22":35,"23":35,"24":35,"25":307,"26":307,"27":447,"28":30,"29":30,"30":30,"31":61,"32":13,"33":16,"34":1,"35":1,"36":1,"37":10,"38":10,"39":1,"40":8,"41":3,"42":5,"43":1,"44":1,"45":1,"46":14,"47":14,"48":1,"49":12,"50":1,"51":11,"52":7,"53":4,"54":1,"55":1,"56":1},"f":{"0":34,"1":442,"2":340,"3":447,"4":30,"5":10,"6":14},"b":{"0":[35,35,35,35,307],"1":[13,48],"2":[61,45],"3":[1,8],"4":[3,5],"5":[1,12],"6":[1,11],"7":[7,4]},"_coverageSchema":"43e27e138ebf9cfc5966b082cf9a028302ed4184","hash":"7ed1d4ee5222217a76deaa676c71856473385c7b"}
,"C:\\Users\\Myapnaz\\Documents\\GitHub\\reversed-spider-solitaire\\src\\common\\utilities\\utilities.js": {"path":"C:\\Users\\Myapnaz\\Documents\\GitHub\\reversed-spider-solitaire\\src\\common\\utilities\\utilities.js","statementMap":{"0":{"start":{"line":1,"column":18},"end":{"line":40,"column":1}},"1":{"start":{"line":4,"column":4},"end":{"line":20,"column":5}},"2":{"start":{"line":7,"column":6},"end":{"line":12,"column":7}},"3":{"start":{"line":8,"column":8},"end":{"line":8,"column":48}},"4":{"start":{"line":9,"column":8},"end":{"line":9,"column":17}},"5":{"start":{"line":10,"column":8},"end":{"line":10,"column":20}},"6":{"start":{"line":11,"column":8},"end":{"line":11,"column":17}},"7":{"start":{"line":14,"column":6},"end":{"line":14,"column":15}},"8":{"start":{"line":16,"column":16},"end":{"line":16,"column":42}},"9":{"start":{"line":17,"column":6},"end":{"line":17,"column":23}},"10":{"start":{"line":19,"column":6},"end":{"line":19,"column":16}},"11":{"start":{"line":24,"column":4},"end":{"line":38,"column":5}},"12":{"start":{"line":25,"column":18},"end":{"line":25,"column":26}},"13":{"start":{"line":26,"column":18},"end":{"line":26,"column":20}},"14":{"start":{"line":28,"column":6},"end":{"line":28,"column":39}},"15":{"start":{"line":28,"column":26},"end":{"line":28,"column":39}},"16":{"start":{"line":30,"column":6},"end":{"line":30,"column":62}},"17":{"start":{"line":30,"column":25},"end":{"line":30,"column":62}},"18":{"start":{"line":32,"column":6},"end":{"line":32,"column":19}},"19":{"start":{"line":34,"column":16},"end":{"line":34,"column":42}},"20":{"start":{"line":35,"column":6},"end":{"line":35,"column":23}},"21":{"start":{"line":37,"column":6},"end":{"line":37,"column":16}}},"fnMap":{"0":{"name":"(anonymous_0)","decl":{"start":{"line":2,"column":2},"end":{"line":2,"column":3}},"loc":{"start":{"line":2,"column":18},"end":{"line":21,"column":3}},"line":2},"1":{"name":"(anonymous_1)","decl":{"start":{"line":22,"column":2},"end":{"line":22,"column":3}},"loc":{"start":{"line":22,"column":33},"end":{"line":39,"column":3}},"line":22}},"branchMap":{"0":{"loc":{"start":{"line":22,"column":18},"end":{"line":22,"column":31}},"type":"default-arg","locations":[{"start":{"line":22,"column":30},"end":{"line":22,"column":31}}],"line":22},"1":{"loc":{"start":{"line":28,"column":6},"end":{"line":28,"column":39}},"type":"if","locations":[{"start":{"line":28,"column":6},"end":{"line":28,"column":39}},{"start":{"line":28,"column":6},"end":{"line":28,"column":39}}],"line":28}},"s":{"0":4,"1":36,"2":36,"3":3506,"4":3506,"5":3506,"6":3505,"7":35,"8":1,"9":1,"10":1,"11":72,"12":72,"13":71,"14":71,"15":1,"16":70,"17":344,"18":70,"19":1,"20":1,"21":1},"f":{"0":36,"1":72},"b":{"0":[1],"1":[1,70]},"_coverageSchema":"43e27e138ebf9cfc5966b082cf9a028302ed4184","hash":"46377f261c12b43aa836cfaad81d3e0a8bf5f606"}
,"C:\\Users\\Myapnaz\\Documents\\GitHub\\reversed-spider-solitaire\\src\\components\\Button.vue": {"path":"C:\\Users\\Myapnaz\\Documents\\GitHub\\reversed-spider-solitaire\\src\\components\\Button.vue","statementMap":{"0":{"start":{"line":8,"column":0},"end":{"line":8,"column":null}},"1":{"start":{"line":16,"column":0},"end":{"line":16,"column":null}},"2":{"start":{"line":25,"column":0},"end":{"line":25,"column":null}},"3":{"start":{"line":29,"column":0},"end":{"line":37,"column":null}},"4":{"start":{"line":30,"column":0},"end":{"line":30,"column":null}},"5":{"start":{"line":31,"column":0},"end":{"line":31,"column":null}},"6":{"start":{"line":32,"column":0},"end":{"line":32,"column":null}},"7":{"start":{"line":34,"column":0},"end":{"line":34,"column":null}},"8":{"start":{"line":35,"column":0},"end":{"line":35,"column":null}},"9":{"start":{"line":36,"column":0},"end":{"line":36,"column":null}}},"fnMap":{"0":{"name":"(anonymous_1)","decl":{"start":{"line":15,"column":0},"end":{"line":15,"column":null}},"loc":{"start":{"line":15,"column":0},"end":{"line":22,"column":null}}},"1":{"name":"(anonymous_2)","decl":{"start":{"line":24,"column":0},"end":{"line":24,"column":null}},"loc":{"start":{"line":24,"column":0},"end":{"line":26,"column":null}}},"2":{"name":"(anonymous_3)","decl":{"start":{"line":28,"column":0},"end":{"line":28,"column":null}},"loc":{"start":{"line":28,"column":0},"end":{"line":38,"column":null}}}},"branchMap":{"0":{"loc":{"start":{"line":29,"column":0},"end":{"line":37,"column":null}},"type":"if","locations":[{"start":{"line":29,"column":0},"end":{"line":37,"column":null}},{"start":{"line":29,"column":0},"end":{"line":37,"column":null}}]}},"s":{"0":3,"1":2,"2":2,"3":2,"4":1,"5":1,"6":1,"7":1,"8":1,"9":1},"f":{"0":2,"1":2,"2":2},"b":{"0":[1,1]}}
,"C:\\Users\\Myapnaz\\Documents\\GitHub\\reversed-spider-solitaire\\src\\components\\Timer.vue": {"path":"C:\\Users\\Myapnaz\\Documents\\GitHub\\reversed-spider-solitaire\\src\\components\\Timer.vue","statementMap":{"0":{"start":{"line":11,"column":0},"end":{"line":11,"column":null}},"1":{"start":{"line":22,"column":0},"end":{"line":22,"column":null}},"2":{"start":{"line":33,"column":0},"end":{"line":44,"column":null}},"3":{"start":{"line":34,"column":0},"end":{"line":34,"column":null}},"4":{"start":{"line":36,"column":0},"end":{"line":41,"column":null}},"5":{"start":{"line":37,"column":0},"end":{"line":37,"column":null}},"6":{"start":{"line":38,"column":0},"end":{"line":38,"column":null}},"7":{"start":{"line":40,"column":0},"end":{"line":40,"column":null}},"8":{"start":{"line":43,"column":0},"end":{"line":43,"column":null}},"9":{"start":{"line":48,"column":0},"end":{"line":50,"column":null}},"10":{"start":{"line":49,"column":0},"end":{"line":49,"column":null}},"11":{"start":{"line":51,"column":0},"end":{"line":51,"column":null}},"12":{"start":{"line":55,"column":0},"end":{"line":55,"column":null}},"13":{"start":{"line":59,"column":0},"end":{"line":59,"column":null}},"14":{"start":{"line":61,"column":0},"end":{"line":66,"column":null}},"15":{"start":{"line":63,"column":0},"end":{"line":65,"column":null}},"16":{"start":{"line":64,"column":0},"end":{"line":64,"column":null}}},"fnMap":{"0":{"name":"(anonymous_1)","decl":{"start":{"line":10,"column":0},"end":{"line":10,"column":null}},"loc":{"start":{"line":10,"column":0},"end":{"line":16,"column":null}}},"1":{"name":"(anonymous_2)","decl":{"start":{"line":21,"column":0},"end":{"line":21,"column":null}},"loc":{"start":{"line":21,"column":0},"end":{"line":29,"column":null}}},"2":{"name":"(anonymous_3)","decl":{"start":{"line":32,"column":0},"end":{"line":32,"column":null}},"loc":{"start":{"line":32,"column":0},"end":{"line":45,"column":null}}},"3":{"name":"(anonymous_4)","decl":{"start":{"line":46,"column":0},"end":{"line":46,"column":null}},"loc":{"start":{"line":46,"column":0},"end":{"line":52,"column":null}}},"4":{"name":"(anonymous_5)","decl":{"start":{"line":53,"column":0},"end":{"line":53,"column":null}},"loc":{"start":{"line":53,"column":0},"end":{"line":56,"column":null}}},"5":{"name":"(anonymous_6)","decl":{"start":{"line":58,"column":0},"end":{"line":58,"column":null}},"loc":{"start":{"line":58,"column":0},"end":{"line":67,"column":null}}},"6":{"name":"(anonymous_7)","decl":{"start":{"line":61,"column":0},"end":{"line":61,"column":null}},"loc":{"start":{"line":61,"column":0},"end":{"line":66,"column":null}}}},"branchMap":{"0":{"loc":{"start":{"line":33,"column":0},"end":{"line":44,"column":null}},"type":"if","locations":[{"start":{"line":33,"column":0},"end":{"line":44,"column":null}},{"start":{"line":33,"column":0},"end":{"line":44,"column":null}}]},"1":{"loc":{"start":{"line":36,"column":0},"end":{"line":41,"column":null}},"type":"if","locations":[{"start":{"line":36,"column":0},"end":{"line":41,"column":null}},{"start":{"line":36,"column":0},"end":{"line":41,"column":null}}]},"2":{"loc":{"start":{"line":48,"column":0},"end":{"line":50,"column":null}},"type":"if","locations":[{"start":{"line":48,"column":0},"end":{"line":50,"column":null}},{"start":{"line":48,"column":0},"end":{"line":50,"column":null}}]},"3":{"loc":{"start":{"line":63,"column":0},"end":{"line":65,"column":null}},"type":"if","locations":[{"start":{"line":63,"column":0},"end":{"line":65,"column":null}},{"start":{"line":63,"column":0},"end":{"line":65,"column":null}}]}},"s":{"0":3,"1":11,"2":30280,"3":504,"4":504,"5":8,"6":8,"7":496,"8":29776,"9":33,"10":27,"11":33,"12":1,"13":3,"14":3,"15":34065,"16":30280},"f":{"0":3,"1":11,"2":30280,"3":33,"4":1,"5":3,"6":34065},"b":{"0":[504,29776],"1":[8,496],"2":[27,6],"3":[30280,3785]}}
,"C:\\Users\\Myapnaz\\Documents\\GitHub\\reversed-spider-solitaire\\src\\components\\Card\\Card.vue": {"path":"C:\\Users\\Myapnaz\\Documents\\GitHub\\reversed-spider-solitaire\\src\\components\\Card\\Card.vue","statementMap":{"0":{"start":{"line":40,"column":0},"end":{"line":40,"column":null}},"1":{"start":{"line":50,"column":0},"end":{"line":50,"column":null}}},"fnMap":{"0":{"name":"(anonymous_1)","decl":{"start":{"line":47,"column":0},"end":{"line":47,"column":null}},"loc":{"start":{"line":47,"column":0},"end":{"line":47,"column":null}}},"1":{"name":"(anonymous_2)","decl":{"start":{"line":49,"column":0},"end":{"line":49,"column":null}},"loc":{"start":{"line":49,"column":0},"end":{"line":54,"column":null}}}},"branchMap":{},"s":{"0":3,"1":4},"f":{"0":0,"1":4},"b":{}}
,"C:\\Users\\Myapnaz\\Documents\\GitHub\\reversed-spider-solitaire\\src\\components\\ConfirmModal\\ConfirmModal.vue": {"path":"C:\\Users\\Myapnaz\\Documents\\GitHub\\reversed-spider-solitaire\\src\\components\\ConfirmModal\\ConfirmModal.vue","statementMap":{"0":{"start":{"line":21,"column":0},"end":{"line":21,"column":null}},"1":{"start":{"line":24,"column":0},"end":{"line":24,"column":null}}},"fnMap":{"0":{"name":"(anonymous_1)","decl":{"start":{"line":20,"column":0},"end":{"line":20,"column":null}},"loc":{"start":{"line":20,"column":0},"end":{"line":22,"column":null}}},"1":{"name":"(anonymous_2)","decl":{"start":{"line":23,"column":0},"end":{"line":23,"column":null}},"loc":{"start":{"line":23,"column":0},"end":{"line":25,"column":null}}}},"branchMap":{},"s":{"0":1,"1":1},"f":{"0":1,"1":1},"b":{}}
,"C:\\Users\\Myapnaz\\Documents\\GitHub\\reversed-spider-solitaire\\src\\components\\Toastr\\Toastr.js": {"path":"C:\\Users\\Myapnaz\\Documents\\GitHub\\reversed-spider-solitaire\\src\\components\\Toastr\\Toastr.js","statementMap":{"0":{"start":{"line":5,"column":4},"end":{"line":14,"column":14}}},"fnMap":{"0":{"name":"(anonymous_0)","decl":{"start":{"line":4,"column":14},"end":{"line":4,"column":15}},"loc":{"start":{"line":4,"column":30},"end":{"line":15,"column":3}},"line":4}},"branchMap":{},"s":{"0":11},"f":{"0":11},"b":{},"_coverageSchema":"43e27e138ebf9cfc5966b082cf9a028302ed4184","hash":"952f327d2e1f2348f689c5de197c8940515a7f78"}
,"C:\\Users\\Myapnaz\\Documents\\GitHub\\reversed-spider-solitaire\\src\\views\\SpiderSolitaire.vue": {"path":"C:\\Users\\Myapnaz\\Documents\\GitHub\\reversed-spider-solitaire\\src\\views\\SpiderSolitaire.vue","statementMap":{"0":{"start":{"line":85,"column":0},"end":{"line":85,"column":null}},"1":{"start":{"line":86,"column":0},"end":{"line":86,"column":null}},"2":{"start":{"line":87,"column":0},"end":{"line":87,"column":null}},"3":{"start":{"line":88,"column":0},"end":{"line":88,"column":null}},"4":{"start":{"line":89,"column":0},"end":{"line":89,"column":null}},"5":{"start":{"line":90,"column":0},"end":{"line":90,"column":null}},"6":{"start":{"line":91,"column":0},"end":{"line":91,"column":null}},"7":{"start":{"line":92,"column":0},"end":{"line":92,"column":null}},"8":{"start":{"line":93,"column":0},"end":{"line":93,"column":null}},"9":{"start":{"line":94,"column":0},"end":{"line":94,"column":null}},"10":{"start":{"line":107,"column":0},"end":{"line":107,"column":null}},"11":{"start":{"line":138,"column":0},"end":{"line":138,"column":null}},"12":{"start":{"line":144,"column":0},"end":{"line":144,"column":null}},"13":{"start":{"line":146,"column":0},"end":{"line":146,"column":null}},"14":{"start":{"line":147,"column":0},"end":{"line":147,"column":null}},"15":{"start":{"line":150,"column":0},"end":{"line":150,"column":null}},"16":{"start":{"line":151,"column":0},"end":{"line":151,"column":null}},"17":{"start":{"line":154,"column":0},"end":{"line":154,"column":null}},"18":{"start":{"line":160,"column":0},"end":{"line":160,"column":null}},"19":{"start":{"line":162,"column":0},"end":{"line":165,"column":null}},"20":{"start":{"line":163,"column":0},"end":{"line":163,"column":null}},"21":{"start":{"line":164,"column":0},"end":{"line":164,"column":null}},"22":{"start":{"line":168,"column":0},"end":{"line":168,"column":null}},"23":{"start":{"line":170,"column":0},"end":{"line":174,"column":null}},"24":{"start":{"line":171,"column":0},"end":{"line":171,"column":null}},"25":{"start":{"line":173,"column":0},"end":{"line":173,"column":null}},"26":{"start":{"line":177,"column":0},"end":{"line":195,"column":null}},"27":{"start":{"line":180,"column":0},"end":{"line":180,"column":null}},"28":{"start":{"line":183,"column":0},"end":{"line":185,"column":null}},"29":{"start":{"line":184,"column":0},"end":{"line":184,"column":null}},"30":{"start":{"line":187,"column":0},"end":{"line":189,"column":null}},"31":{"start":{"line":188,"column":0},"end":{"line":188,"column":null}},"32":{"start":{"line":191,"column":0},"end":{"line":191,"column":null}},"33":{"start":{"line":192,"column":0},"end":{"line":192,"column":null}},"34":{"start":{"line":193,"column":0},"end":{"line":195,"column":null}},"35":{"start":{"line":194,"column":0},"end":{"line":194,"column":null}},"36":{"start":{"line":197,"column":0},"end":{"line":197,"column":null}},"37":{"start":{"line":200,"column":0},"end":{"line":204,"column":null}},"38":{"start":{"line":201,"column":0},"end":{"line":203,"column":null}},"39":{"start":{"line":202,"column":0},"end":{"line":202,"column":null}},"40":{"start":{"line":206,"column":0},"end":{"line":210,"column":null}},"41":{"start":{"line":207,"column":0},"end":{"line":209,"column":null}},"42":{"start":{"line":208,"column":0},"end":{"line":208,"column":null}},"43":{"start":{"line":213,"column":0},"end":{"line":213,"column":null}},"44":{"start":{"line":215,"column":0},"end":{"line":217,"column":null}},"45":{"start":{"line":216,"column":0},"end":{"line":216,"column":null}},"46":{"start":{"line":219,"column":0},"end":{"line":219,"column":null}},"47":{"start":{"line":220,"column":0},"end":{"line":220,"column":null}},"48":{"start":{"line":221,"column":0},"end":{"line":221,"column":null}},"49":{"start":{"line":224,"column":0},"end":{"line":229,"column":null}},"50":{"start":{"line":225,"column":0},"end":{"line":225,"column":null}},"51":{"start":{"line":226,"column":0},"end":{"line":226,"column":null}},"52":{"start":{"line":227,"column":0},"end":{"line":227,"column":null}},"53":{"start":{"line":228,"column":0},"end":{"line":228,"column":null}},"54":{"start":{"line":232,"column":0},"end":{"line":239,"column":null}},"55":{"start":{"line":233,"column":0},"end":{"line":238,"column":null}},"56":{"start":{"line":234,"column":0},"end":{"line":234,"column":null}},"57":{"start":{"line":236,"column":0},"end":{"line":236,"column":null}},"58":{"start":{"line":237,"column":0},"end":{"line":237,"column":null}},"59":{"start":{"line":242,"column":0},"end":{"line":242,"column":null}},"60":{"start":{"line":243,"column":0},"end":{"line":243,"column":null}},"61":{"start":{"line":244,"column":0},"end":{"line":244,"column":null}},"62":{"start":{"line":245,"column":0},"end":{"line":245,"column":null}},"63":{"start":{"line":246,"column":0},"end":{"line":246,"column":null}},"64":{"start":{"line":249,"column":0},"end":{"line":249,"column":null}},"65":{"start":{"line":252,"column":0},"end":{"line":252,"column":null}},"66":{"start":{"line":254,"column":0},"end":{"line":254,"column":null}},"67":{"start":{"line":255,"column":0},"end":{"line":255,"column":null}},"68":{"start":{"line":257,"column":0},"end":{"line":257,"column":null}},"69":{"start":{"line":258,"column":0},"end":{"line":258,"column":null}},"70":{"start":{"line":260,"column":0},"end":{"line":260,"column":null}},"71":{"start":{"line":261,"column":0},"end":{"line":261,"column":null}},"72":{"start":{"line":262,"column":0},"end":{"line":262,"column":null}},"73":{"start":{"line":264,"column":0},"end":{"line":264,"column":null}},"74":{"start":{"line":268,"column":0},"end":{"line":268,"column":null}},"75":{"start":{"line":271,"column":0},"end":{"line":271,"column":null}},"76":{"start":{"line":273,"column":0},"end":{"line":324,"column":null}},"77":{"start":{"line":273,"column":0},"end":{"line":273,"column":null}},"78":{"start":{"line":278,"column":0},"end":{"line":282,"column":null}},"79":{"start":{"line":279,"column":0},"end":{"line":281,"column":null}},"80":{"start":{"line":280,"column":0},"end":{"line":280,"column":null}},"81":{"start":{"line":284,"column":0},"end":{"line":286,"column":null}},"82":{"start":{"line":285,"column":0},"end":{"line":285,"column":null}},"83":{"start":{"line":288,"column":0},"end":{"line":288,"column":null}},"84":{"start":{"line":290,"column":0},"end":{"line":296,"column":null}},"85":{"start":{"line":291,"column":0},"end":{"line":295,"column":null}},"86":{"start":{"line":292,"column":0},"end":{"line":292,"column":null}},"87":{"start":{"line":294,"column":0},"end":{"line":294,"column":null}},"88":{"start":{"line":298,"column":0},"end":{"line":323,"column":null}},"89":{"start":{"line":298,"column":0},"end":{"line":298,"column":null}},"90":{"start":{"line":303,"column":0},"end":{"line":303,"column":null}},"91":{"start":{"line":305,"column":0},"end":{"line":318,"column":null}},"92":{"start":{"line":309,"column":0},"end":{"line":309,"column":null}},"93":{"start":{"line":310,"column":0},"end":{"line":312,"column":null}},"94":{"start":{"line":311,"column":0},"end":{"line":311,"column":null}},"95":{"start":{"line":314,"column":0},"end":{"line":314,"column":null}},"96":{"start":{"line":315,"column":0},"end":{"line":315,"column":null}},"97":{"start":{"line":317,"column":0},"end":{"line":317,"column":null}},"98":{"start":{"line":320,"column":0},"end":{"line":322,"column":null}},"99":{"start":{"line":321,"column":0},"end":{"line":321,"column":null}},"100":{"start":{"line":326,"column":0},"end":{"line":336,"column":null}},"101":{"start":{"line":327,"column":0},"end":{"line":335,"column":null}},"102":{"start":{"line":328,"column":0},"end":{"line":328,"column":null}},"103":{"start":{"line":329,"column":0},"end":{"line":329,"column":null}},"104":{"start":{"line":331,"column":0},"end":{"line":331,"column":null}},"105":{"start":{"line":338,"column":0},"end":{"line":338,"column":null}},"106":{"start":{"line":341,"column":0},"end":{"line":341,"column":null}},"107":{"start":{"line":343,"column":0},"end":{"line":352,"column":null}},"108":{"start":{"line":351,"column":0},"end":{"line":351,"column":null}},"109":{"start":{"line":354,"column":0},"end":{"line":354,"column":null}},"110":{"start":{"line":357,"column":0},"end":{"line":367,"column":null}},"111":{"start":{"line":358,"column":0},"end":{"line":362,"column":null}},"112":{"start":{"line":359,"column":0},"end":{"line":361,"column":null}},"113":{"start":{"line":360,"column":0},"end":{"line":360,"column":null}},"114":{"start":{"line":364,"column":0},"end":{"line":364,"column":null}},"115":{"start":{"line":366,"column":0},"end":{"line":366,"column":null}},"116":{"start":{"line":370,"column":0},"end":{"line":372,"column":null}},"117":{"start":{"line":371,"column":0},"end":{"line":371,"column":null}},"118":{"start":{"line":374,"column":0},"end":{"line":374,"column":null}},"119":{"start":{"line":378,"column":0},"end":{"line":378,"column":null}},"120":{"start":{"line":382,"column":0},"end":{"line":382,"column":null}}},"fnMap":{"0":{"name":"(anonymous_1)","decl":{"start":{"line":106,"column":0},"end":{"line":106,"column":null}},"loc":{"start":{"line":106,"column":0},"end":{"line":135,"column":null}}},"1":{"name":"(anonymous_2)","decl":{"start":{"line":137,"column":0},"end":{"line":137,"column":null}},"loc":{"start":{"line":137,"column":0},"end":{"line":140,"column":null}}},"2":{"name":"(anonymous_3)","decl":{"start":{"line":143,"column":0},"end":{"line":143,"column":null}},"loc":{"start":{"line":143,"column":0},"end":{"line":148,"column":null}}},"3":{"name":"(anonymous_4)","decl":{"start":{"line":149,"column":0},"end":{"line":149,"column":null}},"loc":{"start":{"line":149,"column":0},"end":{"line":166,"column":null}}},"4":{"name":"(anonymous_5)","decl":{"start":{"line":154,"column":0},"end":{"line":154,"column":null}},"loc":{"start":{"line":154,"column":0},"end":{"line":154,"column":null}}},"5":{"name":"(anonymous_6)","decl":{"start":{"line":167,"column":0},"end":{"line":167,"column":null}},"loc":{"start":{"line":167,"column":0},"end":{"line":175,"column":null}}},"6":{"name":"(anonymous_7)","decl":{"start":{"line":176,"column":0},"end":{"line":176,"column":null}},"loc":{"start":{"line":176,"column":0},"end":{"line":198,"column":null}}},"7":{"name":"(anonymous_8)","decl":{"start":{"line":187,"column":0},"end":{"line":187,"column":null}},"loc":{"start":{"line":187,"column":0},"end":{"line":189,"column":null}}},"8":{"name":"(anonymous_9)","decl":{"start":{"line":199,"column":0},"end":{"line":199,"column":null}},"loc":{"start":{"line":199,"column":0},"end":{"line":211,"column":null}}},"9":{"name":"(anonymous_10)","decl":{"start":{"line":200,"column":0},"end":{"line":200,"column":null}},"loc":{"start":{"line":200,"column":0},"end":{"line":204,"column":null}}},"10":{"name":"(anonymous_11)","decl":{"start":{"line":212,"column":0},"end":{"line":212,"column":null}},"loc":{"start":{"line":212,"column":0},"end":{"line":230,"column":null}}},"11":{"name":"(anonymous_12)","decl":{"start":{"line":231,"column":0},"end":{"line":231,"column":null}},"loc":{"start":{"line":231,"column":0},"end":{"line":240,"column":null}}},"12":{"name":"(anonymous_13)","decl":{"start":{"line":233,"column":0},"end":{"line":233,"column":null}},"loc":{"start":{"line":233,"column":0},"end":{"line":238,"column":null}}},"13":{"name":"(anonymous_14)","decl":{"start":{"line":241,"column":0},"end":{"line":241,"column":null}},"loc":{"start":{"line":241,"column":0},"end":{"line":247,"column":null}}},"14":{"name":"(anonymous_15)","decl":{"start":{"line":248,"column":0},"end":{"line":248,"column":null}},"loc":{"start":{"line":248,"column":0},"end":{"line":250,"column":null}}},"15":{"name":"(anonymous_16)","decl":{"start":{"line":251,"column":0},"end":{"line":251,"column":null}},"loc":{"start":{"line":251,"column":0},"end":{"line":266,"column":null}}},"16":{"name":"(anonymous_17)","decl":{"start":{"line":267,"column":0},"end":{"line":267,"column":null}},"loc":{"start":{"line":267,"column":0},"end":{"line":269,"column":null}}},"17":{"name":"(anonymous_18)","decl":{"start":{"line":270,"column":0},"end":{"line":270,"column":null}},"loc":{"start":{"line":270,"column":0},"end":{"line":339,"column":null}}},"18":{"name":"(anonymous_19)","decl":{"start":{"line":278,"column":0},"end":{"line":278,"column":null}},"loc":{"start":{"line":278,"column":0},"end":{"line":282,"column":null}}},"19":{"name":"(anonymous_20)","decl":{"start":{"line":310,"column":0},"end":{"line":310,"column":null}},"loc":{"start":{"line":310,"column":0},"end":{"line":312,"column":null}}},"20":{"name":"(anonymous_21)","decl":{"start":{"line":340,"column":0},"end":{"line":340,"column":null}},"loc":{"start":{"line":340,"column":0},"end":{"line":355,"column":null}}},"21":{"name":"(anonymous_22)","decl":{"start":{"line":356,"column":0},"end":{"line":356,"column":null}},"loc":{"start":{"line":356,"column":0},"end":{"line":368,"column":null}}},"22":{"name":"(anonymous_23)","decl":{"start":{"line":357,"column":0},"end":{"line":357,"column":null}},"loc":{"start":{"line":357,"column":0},"end":{"line":367,"column":null}}},"23":{"name":"(anonymous_24)","decl":{"start":{"line":358,"column":0},"end":{"line":358,"column":null}},"loc":{"start":{"line":358,"column":0},"end":{"line":362,"column":null}}},"24":{"name":"(anonymous_25)","decl":{"start":{"line":359,"column":0},"end":{"line":359,"column":null}},"loc":{"start":{"line":359,"column":0},"end":{"line":361,"column":null}}},"25":{"name":"(anonymous_26)","decl":{"start":{"line":369,"column":0},"end":{"line":369,"column":null}},"loc":{"start":{"line":369,"column":0},"end":{"line":375,"column":null}}},"26":{"name":"(anonymous_27)","decl":{"start":{"line":376,"column":0},"end":{"line":376,"column":null}},"loc":{"start":{"line":376,"column":0},"end":{"line":379,"column":null}}},"27":{"name":"(anonymous_28)","decl":{"start":{"line":381,"column":0},"end":{"line":381,"column":null}},"loc":{"start":{"line":381,"column":0},"end":{"line":383,"column":null}}}},"branchMap":{"0":{"loc":{"start":{"line":154,"column":0},"end":{"line":154,"column":null}},"type":"binary-expr","locations":[{"start":{"line":154,"column":0},"end":{"line":154,"column":null}},{"start":{"line":154,"column":0},"end":{"line":154,"column":null}}]},"1":{"loc":{"start":{"line":162,"column":0},"end":{"line":165,"column":null}},"type":"if","locations":[{"start":{"line":162,"column":0},"end":{"line":165,"column":null}},{"start":{"line":162,"column":0},"end":{"line":165,"column":null}}]},"2":{"loc":{"start":{"line":167,"column":0},"end":{"line":167,"column":null}},"type":"default-arg","locations":[{"start":{"line":167,"column":0},"end":{"line":167,"column":null}}]},"3":{"loc":{"start":{"line":170,"column":0},"end":{"line":174,"column":null}},"type":"if","locations":[{"start":{"line":170,"column":0},"end":{"line":174,"column":null}},{"start":{"line":170,"column":0},"end":{"line":174,"column":null}}]},"4":{"loc":{"start":{"line":177,"column":0},"end":{"line":195,"column":null}},"type":"if","locations":[{"start":{"line":177,"column":0},"end":{"line":195,"column":null}},{"start":{"line":177,"column":0},"end":{"line":195,"column":null}}]},"5":{"loc":{"start":{"line":183,"column":0},"end":{"line":185,"column":null}},"type":"if","locations":[{"start":{"line":183,"column":0},"end":{"line":185,"column":null}},{"start":{"line":183,"column":0},"end":{"line":185,"column":null}}]},"6":{"loc":{"start":{"line":193,"column":0},"end":{"line":195,"column":null}},"type":"if","locations":[{"start":{"line":193,"column":0},"end":{"line":195,"column":null}},{"start":{"line":193,"column":0},"end":{"line":195,"column":null}}]},"7":{"loc":{"start":{"line":201,"column":0},"end":{"line":203,"column":null}},"type":"if","locations":[{"start":{"line":201,"column":0},"end":{"line":203,"column":null}},{"start":{"line":201,"column":0},"end":{"line":203,"column":null}}]},"8":{"loc":{"start":{"line":206,"column":0},"end":{"line":210,"column":null}},"type":"if","locations":[{"start":{"line":206,"column":0},"end":{"line":210,"column":null}},{"start":{"line":206,"column":0},"end":{"line":210,"column":null}}]},"9":{"loc":{"start":{"line":207,"column":0},"end":{"line":209,"column":null}},"type":"if","locations":[{"start":{"line":207,"column":0},"end":{"line":209,"column":null}},{"start":{"line":207,"column":0},"end":{"line":209,"column":null}}]},"10":{"loc":{"start":{"line":215,"column":0},"end":{"line":217,"column":null}},"type":"if","locations":[{"start":{"line":215,"column":0},"end":{"line":217,"column":null}},{"start":{"line":215,"column":0},"end":{"line":217,"column":null}}]},"11":{"loc":{"start":{"line":224,"column":0},"end":{"line":229,"column":null}},"type":"if","locations":[{"start":{"line":224,"column":0},"end":{"line":229,"column":null}},{"start":{"line":224,"column":0},"end":{"line":229,"column":null}}]},"12":{"loc":{"start":{"line":232,"column":0},"end":{"line":239,"column":null}},"type":"if","locations":[{"start":{"line":232,"column":0},"end":{"line":239,"column":null}},{"start":{"line":232,"column":0},"end":{"line":239,"column":null}}]},"13":{"loc":{"start":{"line":253,"column":0},"end":{"line":255,"column":null}},"type":"switch","locations":[{"start":{"line":253,"column":0},"end":{"line":255,"column":null}},{"start":{"line":256,"column":0},"end":{"line":258,"column":null}},{"start":{"line":259,"column":0},"end":{"line":262,"column":null}},{"start":{"line":263,"column":0},"end":{"line":264,"column":null}}]},"14":{"loc":{"start":{"line":279,"column":0},"end":{"line":281,"column":null}},"type":"if","locations":[{"start":{"line":279,"column":0},"end":{"line":281,"column":null}},{"start":{"line":279,"column":0},"end":{"line":281,"column":null}}]},"15":{"loc":{"start":{"line":284,"column":0},"end":{"line":286,"column":null}},"type":"if","locations":[{"start":{"line":284,"column":0},"end":{"line":286,"column":null}},{"start":{"line":284,"column":0},"end":{"line":286,"column":null}}]},"16":{"loc":{"start":{"line":284,"column":0},"end":{"line":284,"column":null}},"type":"binary-expr","locations":[{"start":{"line":284,"column":0},"end":{"line":284,"column":null}},{"start":{"line":284,"column":0},"end":{"line":284,"column":null}}]},"17":{"loc":{"start":{"line":291,"column":0},"end":{"line":295,"column":null}},"type":"if","locations":[{"start":{"line":291,"column":0},"end":{"line":295,"column":null}},{"start":{"line":291,"column":0},"end":{"line":295,"column":null}}]},"18":{"loc":{"start":{"line":305,"column":0},"end":{"line":318,"column":null}},"type":"if","locations":[{"start":{"line":305,"column":0},"end":{"line":318,"column":null}},{"start":{"line":305,"column":0},"end":{"line":318,"column":null}}]},"19":{"loc":{"start":{"line":305,"column":0},"end":{"line":305,"column":null}},"type":"binary-expr","locations":[{"start":{"line":305,"column":0},"end":{"line":305,"column":null}},{"start":{"line":305,"column":0},"end":{"line":305,"column":null}}]},"20":{"loc":{"start":{"line":320,"column":0},"end":{"line":322,"column":null}},"type":"if","locations":[{"start":{"line":320,"column":0},"end":{"line":322,"column":null}},{"start":{"line":320,"column":0},"end":{"line":322,"column":null}}]},"21":{"loc":{"start":{"line":326,"column":0},"end":{"line":336,"column":null}},"type":"if","locations":[{"start":{"line":326,"column":0},"end":{"line":336,"column":null}},{"start":{"line":326,"column":0},"end":{"line":336,"column":null}}]},"22":{"loc":{"start":{"line":327,"column":0},"end":{"line":335,"column":null}},"type":"if","locations":[{"start":{"line":327,"column":0},"end":{"line":335,"column":null}},{"start":{"line":327,"column":0},"end":{"line":335,"column":null}}]},"23":{"loc":{"start":{"line":343,"column":0},"end":{"line":352,"column":null}},"type":"if","locations":[{"start":{"line":343,"column":0},"end":{"line":352,"column":null}},{"start":{"line":343,"column":0},"end":{"line":352,"column":null}}]},"24":{"loc":{"start":{"line":343,"column":0},"end":{"line":343,"column":null}},"type":"binary-expr","locations":[{"start":{"line":343,"column":0},"end":{"line":343,"column":null}},{"start":{"line":343,"column":0},"end":{"line":343,"column":null}},{"start":{"line":343,"column":0},"end":{"line":343,"column":null}}]},"25":{"loc":{"start":{"line":370,"column":0},"end":{"line":372,"column":null}},"type":"if","locations":[{"start":{"line":370,"column":0},"end":{"line":372,"column":null}},{"start":{"line":370,"column":0},"end":{"line":372,"column":null}}]}},"s":{"0":2,"1":2,"2":2,"3":2,"4":2,"5":2,"6":2,"7":2,"8":2,"9":2,"10":33,"11":8,"12":33,"13":33,"14":33,"15":6,"16":6,"17":18,"18":6,"19":6,"20":2,"21":2,"22":2,"23":2,"24":0,"25":2,"26":2,"27":1,"28":1,"29":1,"30":1,"31":1,"32":1,"33":1,"34":1,"35":1,"36":2,"37":2,"38":17,"39":15,"40":2,"41":1,"42":1,"43":5,"44":5,"45":5,"46":5,"47":5,"48":5,"49":5,"50":2,"51":2,"52":2,"53":2,"54":1,"55":1,"56":2,"57":2,"58":2,"59":5,"60":5,"61":5,"62":5,"63":5,"64":4,"65":12,"66":2,"67":2,"68":6,"69":6,"70":3,"71":3,"72":3,"73":1,"74":1,"75":3,"76":3,"77":3,"78":6,"79":12,"80":12,"81":6,"82":1,"83":5,"84":5,"85":7,"86":5,"87":2,"88":5,"89":5,"90":10,"91":10,"92":1,"93":1,"94":3,"95":1,"96":1,"97":1,"98":9,"99":0,"100":3,"101":2,"102":1,"103":1,"104":1,"105":3,"106":7,"107":7,"108":2,"109":7,"110":3,"111":0,"112":0,"113":0,"114":0,"115":0,"116":2,"117":1,"118":2,"119":1,"120":33},"f":{"0":33,"1":8,"2":33,"3":6,"4":12,"5":2,"6":2,"7":1,"8":2,"9":17,"10":5,"11":1,"12":2,"13":5,"14":4,"15":12,"16":1,"17":3,"18":12,"19":3,"20":7,"21":3,"22":0,"23":0,"24":0,"25":2,"26":1,"27":33},"b":{"0":[12,6],"1":[2,4],"2":[2],"3":[0,2],"4":[1,1],"5":[1,0],"6":[1,0],"7":[15,2],"8":[1,1],"9":[1,0],"10":[5,0],"11":[2,3],"12":[1,0],"13":[2,6,3,1],"14":[12,0],"15":[1,5],"16":[6,6],"17":[5,2],"18":[1,9],"19":[10,5],"20":[0,9],"21":[2,1],"22":[1,1],"23":[2,5],"24":[7,7,7],"25":[1,1]}}
}
