TN:
SF:C:\Users\Myapnaz\Desktop\Merve\BootCamp\Final\graduation-project-merve-yapnaz\src\components\ScoreTable.vue
FN:8,(anonymous_1)
FN:20,(anonymous_2)
FN:23,(anonymous_3)
FN:28,(anonymous_4)
FNF:4
FNH:4
FNDA:3,(anonymous_1)
FNDA:1,(anonymous_2)
FNDA:2,(anonymous_3)
FNDA:3,(anonymous_4)
DA:9,3
DA:21,1
DA:24,2
DA:29,3
DA:31,3
DA:32,1
LF:6
LH:6
BRDA:31,0,0,1
BRDA:31,0,1,2
BRF:2
BRH:2
end_of_record
TN:
SF:C:\Users\Myapnaz\Desktop\Merve\BootCamp\Final\graduation-project-merve-yapnaz\src\components\Timer.vue
FN:8,(anonymous_1)
FN:19,(anonymous_2)
FN:30,(anonymous_3)
FN:44,(anonymous_4)
FN:51,(anonymous_5)
FN:55,(anonymous_6)
FN:58,(anonymous_7)
FNF:7
FNH:7
FNDA:3,(anonymous_1)
FNDA:11,(anonymous_2)
FNDA:30280,(anonymous_3)
FNDA:33,(anonymous_4)
FNDA:1,(anonymous_5)
FNDA:3,(anonymous_6)
FNDA:34065,(anonymous_7)
DA:9,3
DA:20,11
DA:31,30280
DA:32,504
DA:34,504
DA:35,8
DA:36,8
DA:38,496
DA:41,29776
DA:46,33
DA:47,27
DA:49,33
DA:52,1
DA:56,3
DA:58,3
DA:59,34065
DA:60,30280
LF:17
LH:17
BRDA:31,0,0,504
BRDA:31,0,1,29776
BRDA:34,1,0,8
BRDA:34,1,1,496
BRDA:46,2,0,27
BRDA:46,2,1,6
BRDA:59,3,0,30280
BRDA:59,3,1,3785
BRF:8
BRH:8
end_of_record
