TN:
SF:C:\Users\Myapnaz\Documents\GitHub\reversed-spider-solitaire\src\App.vue
FNF:0
FNH:0
DA:8,1
LF:1
LH:1
BRF:0
BRH:0
end_of_record
TN:
SF:C:\Users\Myapnaz\Documents\GitHub\reversed-spider-solitaire\src\common\constants\app.js
FNF:0
FNH:0
DA:1,3
LF:1
LH:1
BRF:0
BRH:0
end_of_record
TN:
SF:C:\Users\Myapnaz\Documents\GitHub\reversed-spider-solitaire\src\common\enums\buttonTypeEnum.js
FNF:0
FNH:0
DA:1,3
LF:1
LH:1
BRF:0
BRH:0
end_of_record
TN:
SF:C:\Users\Myapnaz\Documents\GitHub\reversed-spider-solitaire\src\common\enums\cardTypeEnum.js
FNF:0
FNH:0
DA:1,4
LF:1
LH:1
BRF:0
BRH:0
end_of_record
TN:
SF:C:\Users\Myapnaz\Documents\GitHub\reversed-spider-solitaire\src\common\enums\scoreTypeEnum.js
FNF:0
FNH:0
DA:1,2
LF:1
LH:1
BRF:0
BRH:0
end_of_record
TN:
SF:C:\Users\Myapnaz\Documents\GitHub\reversed-spider-solitaire\src\common\services\spiderSolitaireService.js
FN:6,(anonymous_0)
FN:11,(anonymous_1)
FN:87,(anonymous_2)
FN:98,(anonymous_3)
FN:125,(anonymous_4)
FN:144,(anonymous_5)
FN:162,(anonymous_6)
FNF:7
FNH:7
FNDA:34,(anonymous_0)
FNDA:442,(anonymous_1)
FNDA:340,(anonymous_2)
FNDA:447,(anonymous_3)
FNDA:30,(anonymous_4)
FNDA:10,(anonymous_5)
FNDA:14,(anonymous_6)
DA:5,3
DA:7,34
DA:8,34
DA:9,34
DA:11,34
DA:13,442
DA:15,442
DA:75,34
DA:78,34
DA:79,34
DA:84,34
DA:87,34
DA:88,340
DA:91,34
DA:96,34
DA:99,447
DA:101,447
DA:103,35
DA:104,35
DA:107,35
DA:108,35
DA:111,35
DA:112,35
DA:115,35
DA:116,35
DA:119,307
DA:120,307
DA:123,447
DA:126,30
DA:127,30
DA:128,61
DA:132,13
DA:136,16
DA:138,1
DA:139,1
DA:141,1
DA:145,10
DA:146,10
DA:147,1
DA:150,8
DA:151,3
DA:154,5
DA:156,1
DA:157,1
DA:159,1
DA:163,14
DA:164,14
DA:165,1
DA:166,12
DA:167,1
DA:169,11
DA:170,7
DA:174,4
DA:176,1
DA:177,1
DA:179,1
LF:56
LH:56
BRDA:101,0,0,35
BRDA:101,0,1,35
BRDA:101,0,2,35
BRDA:101,0,3,35
BRDA:101,0,4,307
BRDA:128,1,0,13
BRDA:128,1,1,48
BRDA:129,2,0,61
BRDA:129,2,1,45
BRDA:146,3,0,1
BRDA:146,3,1,8
BRDA:150,4,0,3
BRDA:150,4,1,5
BRDA:164,5,0,1
BRDA:164,5,1,12
BRDA:166,6,0,1
BRDA:166,6,1,11
BRDA:169,7,0,7
BRDA:169,7,1,4
BRF:19
BRH:19
end_of_record
TN:
SF:C:\Users\Myapnaz\Documents\GitHub\reversed-spider-solitaire\src\common\utilities\utilities.js
FN:2,(anonymous_0)
FN:22,(anonymous_1)
FNF:2
FNH:2
FNDA:36,(anonymous_0)
FNDA:72,(anonymous_1)
DA:1,4
DA:4,36
DA:7,36
DA:8,3506
DA:9,3506
DA:10,3506
DA:11,3505
DA:14,35
DA:16,1
DA:17,1
DA:19,1
DA:24,72
DA:25,72
DA:26,71
DA:28,71
DA:30,344
DA:32,70
DA:34,1
DA:35,1
DA:37,1
LF:20
LH:20
BRDA:22,0,0,1
BRDA:28,1,0,1
BRDA:28,1,1,70
BRF:3
BRH:3
end_of_record
TN:
SF:C:\Users\Myapnaz\Documents\GitHub\reversed-spider-solitaire\src\components\Button.vue
FN:15,(anonymous_1)
FN:24,(anonymous_2)
FN:28,(anonymous_3)
FNF:3
FNH:3
FNDA:2,(anonymous_1)
FNDA:2,(anonymous_2)
FNDA:2,(anonymous_3)
DA:8,3
DA:16,2
DA:25,2
DA:29,2
DA:30,1
DA:31,1
DA:32,1
DA:34,1
DA:35,1
DA:36,1
LF:10
LH:10
BRDA:29,0,0,1
BRDA:29,0,1,1
BRF:2
BRH:2
end_of_record
TN:
SF:C:\Users\Myapnaz\Documents\GitHub\reversed-spider-solitaire\src\components\Timer.vue
FN:10,(anonymous_1)
FN:21,(anonymous_2)
FN:32,(anonymous_3)
FN:46,(anonymous_4)
FN:53,(anonymous_5)
FN:58,(anonymous_6)
FN:61,(anonymous_7)
FNF:7
FNH:7
FNDA:3,(anonymous_1)
FNDA:11,(anonymous_2)
FNDA:30280,(anonymous_3)
FNDA:33,(anonymous_4)
FNDA:1,(anonymous_5)
FNDA:3,(anonymous_6)
FNDA:34065,(anonymous_7)
DA:11,3
DA:22,11
DA:33,30280
DA:34,504
DA:36,504
DA:37,8
DA:38,8
DA:40,496
DA:43,29776
DA:48,33
DA:49,27
DA:51,33
DA:55,1
DA:59,3
DA:61,3
DA:63,34065
DA:64,30280
LF:17
LH:17
BRDA:33,0,0,504
BRDA:33,0,1,29776
BRDA:36,1,0,8
BRDA:36,1,1,496
BRDA:48,2,0,27
BRDA:48,2,1,6
BRDA:63,3,0,30280
BRDA:63,3,1,3785
BRF:8
BRH:8
end_of_record
TN:
SF:C:\Users\Myapnaz\Documents\GitHub\reversed-spider-solitaire\src\components\Card\Card.vue
FN:47,(anonymous_1)
FN:49,(anonymous_2)
FNF:2
FNH:1
FNDA:0,(anonymous_1)
FNDA:4,(anonymous_2)
DA:40,3
DA:50,4
LF:2
LH:2
BRF:0
BRH:0
end_of_record
TN:
SF:C:\Users\Myapnaz\Documents\GitHub\reversed-spider-solitaire\src\components\ConfirmModal\ConfirmModal.vue
FN:20,(anonymous_1)
FN:23,(anonymous_2)
FNF:2
FNH:2
FNDA:1,(anonymous_1)
FNDA:1,(anonymous_2)
DA:21,1
DA:24,1
LF:2
LH:2
BRF:0
BRH:0
end_of_record
TN:
SF:C:\Users\Myapnaz\Documents\GitHub\reversed-spider-solitaire\src\components\Toastr\Toastr.js
FN:4,(anonymous_0)
FNF:1
FNH:1
FNDA:11,(anonymous_0)
DA:5,11
LF:1
LH:1
BRF:0
BRH:0
end_of_record
TN:
SF:C:\Users\Myapnaz\Documents\GitHub\reversed-spider-solitaire\src\views\SpiderSolitaire.vue
FN:106,(anonymous_1)
FN:137,(anonymous_2)
FN:143,(anonymous_3)
FN:149,(anonymous_4)
FN:154,(anonymous_5)
FN:167,(anonymous_6)
FN:171,(anonymous_7)
FN:182,(anonymous_8)
FN:194,(anonymous_9)
FN:195,(anonymous_10)
FN:207,(anonymous_11)
FN:226,(anonymous_12)
FN:228,(anonymous_13)
FN:236,(anonymous_14)
FN:243,(anonymous_15)
FN:246,(anonymous_16)
FN:262,(anonymous_17)
FN:265,(anonymous_18)
FN:273,(anonymous_19)
FN:305,(anonymous_20)
FN:335,(anonymous_21)
FN:351,(anonymous_22)
FN:352,(anonymous_23)
FN:353,(anonymous_24)
FN:354,(anonymous_25)
FN:364,(anonymous_26)
FN:371,(anonymous_27)
FN:376,(anonymous_28)
FNF:28
FNH:25
FNDA:33,(anonymous_1)
FNDA:8,(anonymous_2)
FNDA:33,(anonymous_3)
FNDA:6,(anonymous_4)
FNDA:12,(anonymous_5)
FNDA:2,(anonymous_6)
FNDA:2,(anonymous_7)
FNDA:1,(anonymous_8)
FNDA:2,(anonymous_9)
FNDA:17,(anonymous_10)
FNDA:5,(anonymous_11)
FNDA:1,(anonymous_12)
FNDA:2,(anonymous_13)
FNDA:5,(anonymous_14)
FNDA:4,(anonymous_15)
FNDA:12,(anonymous_16)
FNDA:1,(anonymous_17)
FNDA:3,(anonymous_18)
FNDA:12,(anonymous_19)
FNDA:3,(anonymous_20)
FNDA:7,(anonymous_21)
FNDA:3,(anonymous_22)
FNDA:0,(anonymous_23)
FNDA:0,(anonymous_24)
FNDA:0,(anonymous_25)
FNDA:2,(anonymous_26)
FNDA:1,(anonymous_27)
FNDA:33,(anonymous_28)
DA:85,2
DA:86,2
DA:87,2
DA:88,2
DA:89,2
DA:90,2
DA:91,2
DA:92,2
DA:93,2
DA:94,2
DA:107,33
DA:138,8
DA:144,33
DA:146,33
DA:147,33
DA:150,6
DA:151,6
DA:154,18
DA:160,6
DA:162,6
DA:163,2
DA:164,2
DA:168,2
DA:169,2
DA:172,2
DA:175,1
DA:178,1
DA:179,1
DA:182,1
DA:183,1
DA:186,1
DA:187,1
DA:188,1
DA:189,1
DA:192,2
DA:195,2
DA:196,17
DA:197,15
DA:201,2
DA:202,1
DA:203,1
DA:208,5
DA:210,5
DA:211,5
DA:214,5
DA:215,5
DA:216,5
DA:219,5
DA:220,2
DA:221,2
DA:222,2
DA:223,2
DA:227,1
DA:228,1
DA:229,2
DA:231,2
DA:232,2
DA:237,5
DA:238,5
DA:239,5
DA:240,5
DA:241,5
DA:244,4
DA:247,12
DA:249,2
DA:250,2
DA:252,6
DA:253,6
DA:255,3
DA:256,3
DA:257,3
DA:259,1
DA:263,1
DA:266,3
DA:268,3
DA:273,6
DA:274,12
DA:275,12
DA:279,6
DA:280,1
DA:283,5
DA:285,5
DA:286,7
DA:287,5
DA:289,2
DA:293,5
DA:298,10
DA:300,10
DA:304,1
DA:305,1
DA:306,3
DA:309,1
DA:310,1
DA:312,1
DA:315,9
DA:316,0
DA:321,3
DA:322,2
DA:323,1
DA:324,1
DA:326,1
DA:333,3
DA:336,7
DA:338,7
DA:346,2
DA:349,7
DA:352,3
DA:353,0
DA:354,0
DA:355,0
DA:359,0
DA:361,0
DA:365,2
DA:366,1
DA:369,2
DA:373,1
DA:377,33
LF:117
LH:111
BRDA:154,0,0,12
BRDA:154,0,1,6
BRDA:162,1,0,2
BRDA:162,1,1,4
BRDA:172,2,0,1
BRDA:172,2,1,1
BRDA:178,3,0,1
BRDA:178,3,1,0
BRDA:188,4,0,1
BRDA:188,4,1,0
BRDA:196,5,0,15
BRDA:196,5,1,2
BRDA:201,6,0,1
BRDA:201,6,1,1
BRDA:202,7,0,1
BRDA:202,7,1,0
BRDA:210,8,0,5
BRDA:210,8,1,0
BRDA:219,9,0,2
BRDA:219,9,1,3
BRDA:227,10,0,1
BRDA:227,10,1,0
BRDA:248,11,0,2
BRDA:248,11,1,6
BRDA:248,11,2,3
BRDA:248,11,3,1
BRDA:274,12,0,12
BRDA:274,12,1,0
BRDA:279,13,0,1
BRDA:279,13,1,5
BRDA:279,14,0,6
BRDA:279,14,1,6
BRDA:286,15,0,5
BRDA:286,15,1,2
BRDA:300,16,0,1
BRDA:300,16,1,9
BRDA:300,17,0,10
BRDA:300,17,1,5
BRDA:315,18,0,0
BRDA:315,18,1,9
BRDA:321,19,0,2
BRDA:321,19,1,1
BRDA:322,20,0,1
BRDA:322,20,1,1
BRDA:338,21,0,2
BRDA:338,21,1,5
BRDA:338,22,0,7
BRDA:338,22,1,7
BRDA:338,22,2,7
BRDA:365,23,0,1
BRDA:365,23,1,1
BRF:51
BRH:44
end_of_record
